make all --print-data-base --no-builtin-variables --no-builtin-rules --question
make: *** No rule to make target 'all'.  Stop.

# GNU Make 4.3
# Built for x86_64-pc-linux-gnu
# Copyright (C) 1988-2020 Free Software Foundation, Inc.
# License GPLv3+: GNU GPL version 3 or later <http://gnu.org/licenses/gpl.html>
# This is free software: you are free to change and redistribute it.
# There is NO WARRANTY, to the extent permitted by law.

# Make data base, printed on Wed Aug 17 16:57:12 2022

# Variables

# environment
GO111MODULE = auto
# environment
LC_ALL = C
# environment
VSCODE_CWD = /vscode/bin/linux-x64/6d9b74a70ca9c7733b29f0456fd8195364076dda
# environment
NVM_DIR = /usr/local/share/nvm
# default
MAKE_COMMAND := make
# environment
VSCODE_HANDLES_SIGPIPE = true
# environment
GOPATH = /go
# automatic
@D = $(patsubst %/,%,$(dir $@))
# environment
VSCODE_HANDLES_UNCAUGHT_ERRORS = true
# default
.VARIABLES := 
# environment
PWD = /workspaces/gomockext
# automatic
%D = $(patsubst %/,%,$(dir $%))
# environment
HOSTNAME = codespaces-81a000
# environment
OLDPWD = /vscode/bin/linux-x64/6d9b74a70ca9c7733b29f0456fd8195364076dda
# automatic
^D = $(patsubst %/,%,$(dir $^))
# automatic
%F = $(notdir $%)
# environment
LANG = C
# environment
NVM_SYMLINK_CURRENT = true
# environment
GITHUB_SERVER_URL = https://github.com
# default
.LOADED := 
# default
.INCLUDE_DIRS = /usr/local/include /usr/include /usr/include
# environment
GITHUB_API_URL = https://api.github.com
# environment
PROMPT_DIRTRIM = 4
# makefile
MAKEFLAGS = pqrR
# environment
GOLANG_VERSION = 1.18.5
# makefile
CURDIR := /workspaces/gomockext
# environment
APPLICATION_INSIGHTS_NO_DIAGNOSTIC_CHANNEL = true
# automatic
*D = $(patsubst %/,%,$(dir $*))
# environment
MFLAGS = -pqrR
# default
.SHELLFLAGS := -c
# environment
GITHUB_USER = garvincasimir
# automatic
+D = $(patsubst %/,%,$(dir $+))
# environment
ContainerVersion = 12
# makefile (from 'Makefile', line 1)
MAKEFILE_LIST := Makefile
# automatic
@F = $(notdir $@)
# automatic
?D = $(patsubst %/,%,$(dir $?))
# environment
SHELL_LOGGED_IN = true
# environment
INTERNAL_VSCS_TARGET_URL = https://eastus.online.visualstudio.com
# automatic
*F = $(notdir $*)
# automatic
<D = $(patsubst %/,%,$(dir $<))
# environment
VSCODE_NLS_CONFIG = {"locale":"en","availableLanguages":{}}
# default
MAKE_HOST := x86_64-pc-linux-gnu
# makefile
SHELL = /bin/sh
# default
MAKECMDGOALS := all
# environment
GITHUB_TOKEN = ghu_dCi3Rv16IUm8OHpMukpbYJIXr2939L1dcXBB
# environment
SHLVL = 1
# environment
MAKELEVEL := 0
# default
MAKE = $(MAKE_COMMAND)
# environment
PATH = /vscode/bin/linux-x64/6d9b74a70ca9c7733b29f0456fd8195364076dda/bin/remote-cli:/usr/local/share/nvm/current/bin:/go/bin:/usr/local/go/bin:/usr/local/share/nvm/current/bin:/go/bin:/usr/local/go/bin:/usr/local/sbin:/usr/local/bin:/usr/sbin:/usr/bin:/sbin:/bin:/home/vscode/.local/bin
# default
MAKEFILES := 
# automatic
^F = $(notdir $^)
# environment
CODESPACES = true
# automatic
?F = $(notdir $?)
# environment
LS_COLORS = 
# automatic
+F = $(notdir $+)
# 'override' directive
GNUMAKEFLAGS := 
# environment
BROWSER = /vscode/bin/linux-x64/6d9b74a70ca9c7733b29f0456fd8195364076dda/bin/helpers/browser.sh
# makefile
.DEFAULT_GOAL := 
# environment
USER = vscode
# default
MAKE_VERSION := 4.3
# environment
VSCODE_AGENT_FOLDER = /home/vscode/.vscode-remote
# environment
_ = /bin/cat
# environment
CODESPACE_NAME = garvincasimir-gomockext-v7qjj9426p7g
# environment
NVM_RC_VERSION = 
# environment
VSCODE_IPC_HOOK_CLI = /tmp/vscode-ipc-078b87a7-c655-4ac8-9a54-fb89b9144dd4.sock
# environment
CLOUDENV_ENVIRONMENT_ID = e72c9fcd-1e6b-40a9-bec5-d388ac945aaf
# environment
GITHUB_REPOSITORY = garvincasimir/gomockext
 
# environment
NVM_CD_FLAGS = 
# environment
GOMODCACHE = /go/pkg/mod
# environment
VSCODE_AMD_ENTRYPOINT = vs/workbench/api/node/extensionHostProcess
# environment
HOME = /home/vscode
# environment
GITHUB_GRAPHQL_URL = https://api.github.com/graphql
# environment
RepositoryName = gomockext
# environment
ELECTRON_RUN_AS_NODE = 1
# environment
GITHUB_CODESPACE_TOKEN = AAXWJZ55UNWNWG3B5IYR7UTC7WJ5HANCNFSM4ABZHNMA
# environment
GOPROXY = https://proxy.golang.org,direct
# default
.RECIPEPREFIX := 
# automatic
<F = $(notdir $<)
# default
SUFFIXES := 
# default
.FEATURES := target-specific order-only second-expansion else-if shortest-stem undefine oneshell nocomment grouped-target extra-prereqs archives jobserver output-sync check-symlink load
# variable set hash-table stats:
# Load=80/1024=8%, Rehash=0, Collisions=1/109=1%

# Pattern-specific Variable Values

# No pattern-specific variable values.

# Directories

# . (device 1792, inode 1441802): 17 files, no impossibilities.

# 17 files, no impossibilities in 1 directories.

# Implicit Rules

# No implicit rules.

# Files

# Not a target:
Makefile:
#  Implicit rule search has been done.
#  Last modified 2022-08-17 16:57:06.562939446
#  File has been updated.
#  Successfully updated.

# Not a target:
.DEFAULT:
#  Implicit rule search has not been done.
#  Modification time never checked.
#  File has not been updated.

# Not a target:
all:
#  Command line target.
#  Implicit rule search has been done.
#  File does not exist.
#  File has not been updated.

# files hash-table stats:
# Load=4/1024=0%, Rehash=0, Collisions=0/14=0%
# VPATH Search Paths

# No 'vpath' search paths.

# No general ('VPATH' variable) search path.

# strcache buffers: 1 (0) / strings = 22 / storage = 189 B / avg = 8 B
# current buf: size = 8162 B / used = 189 B / count = 22 / avg = 8 B

# strcache performance: lookups = 26 / hit rate = 15%
# hash-table stats:
# Load=22/8192=0%, Rehash=0, Collisions=0/26=0%
# Finished Make data base on Wed Aug 17 16:57:12 2022

 
